TN:
SF:src/gameEngine/othello.ts
FN:1,__name
FN:1,__export
FN:1,__copyProps
FN:1,get
FN:1,__toCommonJS
FN:1,applyMove
FN:1,calculateScore
FN:1,checkGameOver
FN:1,createInitialBoard
FN:1,createInitialGameState
FN:1,getFlippedPieces
FN:1,getLegalMoves
FN:1,hasValidMoves
FN:1,processMove
FN:40,createEmptyBoard
FN:46,cloneBoard
FN:50,isWithinBounds
FN:54,getOpponent
FN:58,isBoardFull
FN:62,createInitialBoard
FN:73,getFlippedPieces
FN:112,getLegalMoves
FN:130,applyMove
FN:147,hasValidMoves
FN:151,calculateScore
FN:168,checkGameOver
FN:194,processMove
FN:279,createInitialGameState
FNF:28
FNH:28
FNDA:14,__name
FNDA:1,__export
FNDA:1,__copyProps
FNDA:30,get
FNDA:1,__toCommonJS
FNDA:2,applyMove
FNDA:4,calculateScore
FNDA:3,checkGameOver
FNDA:6,createInitialBoard
FNDA:3,createInitialGameState
FNDA:3,getFlippedPieces
FNDA:3,getLegalMoves
FNDA:2,hasValidMoves
FNDA:4,processMove
FNDA:9,createEmptyBoard
FNDA:3,cloneBoard
FNDA:4555,isWithinBounds
FNDA:492,getOpponent
FNDA:5,isBoardFull
FNDA:9,createInitialBoard
FNDA:492,getFlippedPieces
FNDA:18,getLegalMoves
FNDA:4,applyMove
FNDA:8,hasValidMoves
FNDA:11,calculateScore
FNDA:5,checkGameOver
FNDA:4,processMove
FNDA:3,createInitialGameState
DA:1,4
DA:2,1
DA:3,1
DA:4,1
DA:5,1
DA:6,1
DA:7,1
DA:8,1
DA:9,1
DA:10,1
DA:11,1
DA:12,1
DA:13,1
DA:14,1
DA:15,1
DA:16,1
DA:17,1
DA:18,1
DA:19,1
DA:20,1
DA:21,1
DA:22,1
DA:23,1
DA:24,1
DA:25,1
DA:26,1
DA:27,1
DA:28,1
DA:29,1
DA:30,1
DA:31,1
DA:32,1
DA:33,1
DA:34,1
DA:35,1
DA:36,1
DA:37,1
DA:38,1
DA:39,1
DA:40,9
DA:41,9
DA:42,72
DA:43,9
DA:44,9
DA:45,1
DA:46,3
DA:47,3
DA:48,3
DA:49,1
DA:50,4555
DA:51,4555
DA:52,4555
DA:53,1
DA:54,492
DA:55,492
DA:56,492
DA:57,1
DA:58,5
DA:59,5
DA:60,5
DA:61,1
DA:62,1
DA:63,9
DA:64,9
DA:65,9
DA:66,9
DA:67,9
DA:68,9
DA:69,9
DA:70,9
DA:71,9
DA:72,1
DA:73,1
DA:74,492
DA:75,492
DA:76,492
DA:77,492
DA:78,492
DA:79,492
DA:80,2
DA:81,2
DA:82,492
DA:83,492
DA:84,490
DA:85,490
DA:86,492
DA:87,3920
DA:88,3920
DA:89,3920
DA:90,3920
DA:91,3920
DA:92,3289
DA:93,3289
DA:94,3289
DA:95,143
DA:96,143
DA:97,143
DA:98,143
DA:99,143
DA:100,3289
DA:101,3289
DA:102,39
DA:103,39
DA:104,3289
DA:105,3289
DA:106,3146
DA:107,3920
DA:108,492
DA:109,492
DA:110,492
DA:111,1
DA:112,1
DA:113,18
DA:114,18
DA:115,18
DA:116,144
DA:117,1152
DA:118,669
DA:119,669
DA:120,1152
DA:121,1152
DA:122,33
DA:123,33
DA:124,1152
DA:125,144
DA:126,18
DA:127,18
DA:128,18
DA:129,1
DA:130,1
DA:131,4
DA:132,4
DA:133,4
DA:134,1
DA:135,1
DA:136,4
DA:137,4
DA:138,3
DA:139,3
DA:140,3
DA:141,3
DA:142,3
DA:143,3
DA:144,3
DA:145,4
DA:146,1
DA:147,1
DA:148,8
DA:149,8
DA:150,1
DA:151,1
DA:152,11
DA:153,11
DA:154,11
DA:155,11
DA:156,88
DA:157,704
DA:158,353
DA:159,704
DA:160,47
DA:161,47
DA:162,704
DA:163,88
DA:164,11
DA:165,11
DA:166,11
DA:167,1
DA:168,1
DA:169,5
DA:170,5
DA:171,5
DA:172,5
DA:173,5
DA:174,5
DA:175,5
DA:176,5
DA:177,5
DA:178,5
DA:179,3
DA:180,3
DA:181,5
DA:182,5
DA:183,2
DA:184,5
DA:185,1
DA:186,1
DA:187,1
DA:188,1
DA:189,1
DA:190,5
DA:191,5
DA:192,5
DA:193,1
DA:194,1
DA:195,4
DA:196,4
DA:197,4
DA:198,4
DA:199,4
DA:200,4
DA:201,4
DA:202,4
DA:203,4
DA:204,4
DA:205,4
DA:206,4
DA:207,4
DA:208,4
DA:209,1
DA:210,1
DA:211,4
DA:212,4
DA:213,1
DA:214,1
DA:215,1
DA:216,1
DA:217,1
DA:218,1
DA:219,4
DA:220,4
DA:221,2
DA:222,4
DA:223,0
DA:224,0
DA:225,0
DA:226,0
DA:227,0
DA:228,0
DA:229,4
DA:230,4
DA:231,2
DA:232,2
DA:233,2
DA:234,2
DA:235,2
DA:236,2
DA:237,2
DA:238,2
DA:239,4
DA:240,1
DA:241,1
DA:242,1
DA:243,4
DA:244,4
DA:245,4
DA:246,4
DA:247,4
DA:248,4
DA:249,4
DA:250,4
DA:251,4
DA:252,4
DA:253,4
DA:254,4
DA:255,4
DA:256,4
DA:257,4
DA:258,4
DA:259,4
DA:260,4
DA:261,4
DA:262,4
DA:263,4
DA:264,4
DA:265,4
DA:266,4
DA:267,4
DA:268,4
DA:269,4
DA:270,4
DA:271,4
DA:272,4
DA:273,4
DA:274,4
DA:275,4
DA:276,4
DA:277,4
DA:278,1
DA:279,1
DA:280,3
DA:281,3
DA:282,3
DA:283,3
DA:284,3
DA:285,3
DA:286,3
DA:287,3
DA:288,3
DA:289,3
DA:290,3
DA:291,3
DA:292,3
DA:293,3
LF:293
LH:287
BRDA:279,0,0,0
BRDA:1,1,0,14
BRDA:1,2,0,1
BRDA:1,3,0,9
BRDA:1,4,0,1
BRDA:1,5,0,0
BRDA:1,6,0,9
BRDA:1,7,0,30
BRDA:1,8,0,1
BRDA:1,9,0,2
BRDA:1,10,0,4
BRDA:1,11,0,3
BRDA:1,12,0,6
BRDA:1,13,0,3
BRDA:1,14,0,3
BRDA:1,15,0,3
BRDA:1,16,0,2
BRDA:1,17,0,4
BRDA:40,18,0,9
BRDA:41,19,0,72
BRDA:42,20,0,576
BRDA:46,21,0,3
BRDA:47,22,0,24
BRDA:50,23,0,4555
BRDA:51,24,0,4346
BRDA:51,25,0,4142
BRDA:51,26,0,3964
BRDA:54,27,0,492
BRDA:55,28,0,371
BRDA:55,29,0,121
BRDA:58,30,0,5
BRDA:59,31,0,26
BRDA:59,32,0,194
BRDA:62,33,0,9
BRDA:73,34,0,492
BRDA:79,35,0,491
BRDA:79,36,0,2
BRDA:83,37,0,490
BRDA:86,38,0,3920
BRDA:91,39,0,3289
BRDA:94,40,0,143
BRDA:101,41,0,3146
BRDA:101,42,0,145
BRDA:101,43,0,39
BRDA:105,44,0,3146
BRDA:109,45,0,490
BRDA:112,46,0,18
BRDA:115,47,0,144
BRDA:116,48,0,1152
BRDA:117,49,0,669
BRDA:121,50,0,483
BRDA:121,51,0,33
BRDA:130,52,0,4
BRDA:133,53,0,1
BRDA:137,54,0,3
BRDA:147,55,0,8
BRDA:151,56,0,11
BRDA:155,57,0,88
BRDA:156,58,0,704
BRDA:157,59,0,353
BRDA:159,60,0,351
BRDA:159,61,0,47
BRDA:168,62,0,5
BRDA:175,63,0,2
BRDA:175,64,0,3
BRDA:176,65,0,2
BRDA:176,66,0,3
BRDA:178,67,0,3
BRDA:178,68,0,0
BRDA:178,69,0,3
BRDA:182,70,0,2
BRDA:184,71,0,1
BRDA:190,72,0,0
BRDA:194,73,0,4
BRDA:207,74,0,3
BRDA:208,75,0,1
BRDA:212,76,0,3
BRDA:212,77,0,1
BRDA:220,78,0,2
BRDA:222,79,0,0
BRDA:230,80,0,2
BRDA:239,81,0,1
BRDA:239,82,0,1
BRDA:245,83,0,2
BRDA:246,84,0,0
BRDA:246,85,0,2
BRDA:247,86,0,2
BRDA:247,87,0,0
BRDA:252,88,0,0
BRDA:252,89,0,2
BRDA:260,90,0,0
BRDA:260,91,0,2
BRDA:268,92,0,0
BRDA:268,93,0,2
BRDA:279,94,0,3
BRF:95
BRH:85
end_of_record
TN:
SF:src/utils/elo.ts
FN:1,__name
FN:1,__export
FN:1,__copyProps
FN:1,get
FN:1,__toCommonJS
FN:1,calculateElo
FN:1,getEloUpdateOps
FN:1,getPlayerRank
FN:12,getKFactor
FN:24,calculateElo
FN:53,getPlayerRank
FN:73,getEloUpdateOps
FNF:12
FNH:12
FNDA:4,__name
FNDA:1,__export
FNDA:1,__copyProps
FNDA:15,get
FNDA:1,__toCommonJS
FNDA:4,calculateElo
FNDA:3,getEloUpdateOps
FNDA:8,getPlayerRank
FNDA:14,getKFactor
FNDA:7,calculateElo
FNDA:8,getPlayerRank
FNDA:3,getEloUpdateOps
DA:1,8
DA:2,1
DA:3,1
DA:4,1
DA:5,1
DA:6,1
DA:7,1
DA:8,1
DA:9,1
DA:10,1
DA:11,1
DA:12,14
DA:13,14
DA:14,9
DA:15,9
DA:16,14
DA:17,14
DA:18,3
DA:19,3
DA:20,14
DA:21,14
DA:22,14
DA:23,1
DA:24,1
DA:25,7
DA:26,7
DA:27,7
DA:28,7
DA:29,7
DA:30,7
DA:31,7
DA:32,7
DA:33,7
DA:34,7
DA:35,7
DA:36,7
DA:37,7
DA:38,7
DA:39,7
DA:40,7
DA:41,7
DA:42,7
DA:43,7
DA:44,7
DA:45,7
DA:46,7
DA:47,7
DA:48,7
DA:49,7
DA:50,7
DA:51,7
DA:52,1
DA:53,1
DA:54,8
DA:55,1
DA:56,1
DA:57,8
DA:58,8
DA:59,2
DA:60,2
DA:61,8
DA:62,8
DA:63,2
DA:64,2
DA:65,8
DA:66,8
DA:67,2
DA:68,2
DA:69,8
DA:70,8
DA:71,8
DA:72,1
DA:73,1
DA:74,3
DA:75,3
DA:76,3
DA:77,3
DA:78,3
DA:79,3
DA:80,3
DA:81,3
DA:82,3
DA:83,3
DA:84,2
DA:85,1
DA:86,3
DA:87,3
LF:87
LH:87
BRDA:73,0,0,0
BRDA:1,1,0,4
BRDA:1,2,0,1
BRDA:1,3,0,3
BRDA:1,4,0,1
BRDA:1,5,0,0
BRDA:1,6,0,3
BRDA:1,7,0,15
BRDA:1,8,0,1
BRDA:1,9,0,4
BRDA:1,10,0,3
BRDA:1,11,0,8
BRDA:12,12,0,14
BRDA:13,13,0,9
BRDA:17,14,0,5
BRDA:17,15,0,3
BRDA:21,16,0,2
BRDA:24,17,0,7
BRDA:34,18,0,2
BRDA:34,19,0,5
BRDA:34,20,0,2
BRDA:34,21,0,3
BRDA:35,22,0,3
BRDA:35,23,0,4
BRDA:35,24,0,2
BRDA:53,25,0,8
BRDA:54,26,0,1
BRDA:58,27,0,7
BRDA:58,28,0,2
BRDA:62,29,0,5
BRDA:62,30,0,2
BRDA:66,31,0,3
BRDA:66,32,0,2
BRDA:70,33,0,1
BRDA:73,34,0,3
BRDA:83,35,0,1
BRDA:83,36,0,2
BRDA:84,37,0,1
BRF:38
BRH:36
end_of_record
